SF:com/mycompany/MyClass1.java
DA:49,0
DA:48,0
DA:50,0
DA:53,0
DA:54,0
DA:34,0
DA:35,0
DA:36,0
DA:37,0
DA:39,0
DA:40,0
DA:41,0
DA:43,0
DA:44,0
DA:45,0
DA:59,0
DA:60,0
DA:61,0
DA:62,0
DA:64,0
DA:66,0
DA:67,0
DA:68,0
DA:70,0
DA:72,0
DA:78,0
DA:73,0
DA:74,0
DA:75,0
DA:76,0
DA:77,0
DA:79,0
DA:83,0
DA:84,0
DA:85,0
DA:86,0
DA:87,0
DA:88,0
DA:90,0
DA:29,0
LH:0
LF:40
end_of_record
SF:com/mycompany/MyClass2.java
DA:23,0
DA:25,0
DA:28,0
DA:29,0
DA:30,0
DA:31,0
DA:33,0
DA:51,0
DA:56,0
LH:0
LF:9
end_of_record
SF:com/mycompany/MyClass3.java
DA:27,0
DA:29,0
DA:34,1
DA:36,1
DA:39,1
DA:40,1
DA:41,1
DA:42,1
DA:43,1
DA:44,1
DA:45,1
DA:46,1
DA:48,1
DA:49,1
DA:50,0
DA:51,0
DA:57,0
DA:58,0
DA:59,0
DA:60,0
DA:61,0
DA:62,0
DA:64,0
DA:65,0
DA:67,0
DA:68,0
DA:69,0
DA:70,0
DA:71,0
DA:72,0
DA:78,0
DA:79,0
DA:83,0
DA:81,0
DA:82,0
DA:85,0
DA:86,0
DA:90,0
DA:88,0
DA:91,0
DA:74,0
DA:77,0
DA:92,0
LH:12
LF:43
end_of_record
